#
# A fatal error has been detected by the Java Runtime Environment:
#
#  EXCEPTION_ACCESS_VIOLATION (0xc0000005) at pc=0x00007ff849fe4879, pid=2016, tid=21212
#
# JRE version: OpenJDK Runtime Environment JBR-17.0.6+10-829.9-nomod (17.0.6+10) (build 17.0.6+10-b829.9)
# Java VM: OpenJDK 64-Bit Server VM JBR-17.0.6+10-829.9-nomod (17.0.6+10-b829.9, mixed mode, tiered, compressed oops, compressed class ptrs, g1 gc, windows-amd64)
# Problematic frame:
# C  [javafx_font.dll+0x4879]
#
# No core dump will be written. Minidumps are not enabled by default on client versions of Windows
#
# If you would like to submit a bug report, please visit:
#   https://youtrack.jetbrains.com/issues/JBR
# The crash happened outside the Java Virtual Machine in native code.
# See problematic frame for where to report the bug.
#

---------------  S U M M A R Y ------------

Command Line: --add-exports=javafx.graphics/com.sun.javafx.application=org.testfx --add-exports=javafx.graphics/com.sun.glass.ui=ALL-UNNAMED --add-exports=javafx.graphics/com.sun.javafx.tk.quantum=ALL-UNNAMED --add-exports=javafx.graphics/com.sun.javafx.tk=ALL-UNNAMED --add-opens=javafx.graphics/com.sun.glass.ui=ALL-UNNAMED --add-opens=javafx.graphics/com.sun.glass.ui=org.testfx --add-exports=javafx.graphics/com.sun.javafx.application=org.testfx --add-exports=javafx.graphics/com.sun.glass.ui=ALL-UNNAMED --add-exports=javafx.graphics/com.sun.javafx.tk.quantum=ALL-UNNAMED --add-exports=javafx.graphics/com.sun.javafx.tk=ALL-UNNAMED --add-opens=javafx.graphics/com.sun.glass.ui=org.testfx -DnodeNamesHandler=org.jetbrains.plugins.cucumber.java.run.CucumberTestTreeNodeManager -Didea.test.cyclic.buffer.size=1048576 -javaagent:C:\Program Files\JetBrains\IntelliJ IDEA 2022.3.1\lib\idea_rt.jar=64764:C:\Program Files\JetBrains\IntelliJ IDEA 2022.3.1\bin --add-modules=ccsm.ui.test -Dfile.encoding=UTF-8 --module-path=C:\Users\Izzat Alsharif\.m2\repository\org\testfx\testfx-junit5\4.0.16-alpha\testfx-junit5-4.0.16-alpha.jar;C:\Users\Izzat Alsharif\.m2\repository\org\openjfx\javafx-base\12.0.1\javafx-base-12.0.1-win.jar;C:\Users\Izzat Alsharif\.m2\repository\jakarta\persistence\jakarta.persistence-api\3.0.0\jakarta.persistence-api-3.0.0.jar;F:\Work\Projects\Java\carpet-cleaning-service-management\ccsm-ui\target\test-classes;C:\Users\Izzat Alsharif\.m2\repository\org\openjfx\javafx-controls\11\javafx-controls-11-win.jar;C:\Users\Izzat Alsharif\.m2\repository\org\testfx\testfx-core\4.0.16-alpha\testfx-core-4.0.16-alpha.jar;F:\Work\Projects\Java\carpet-cleaning-service-management\ccsm-core\target\classes;C:\Users\Izzat Alsharif\.m2\repository\org\hamcrest\hamcrest\2.2\hamcrest-2.2.jar;C:\Users\Izzat Alsharif\.m2\repository\com\sun\mail\jakarta.mail\2.0.1\jakarta.mail-2.0.1.jar;C:\Users\Izzat Alsharif\.m2\repository\io\cucumber\cucumber-core\7.11.1\cucumber-core-7.11.1.jar;C:\Users\Izzat Alsharif\.m2\repository\junit\junit\4.13.2\junit-4.13.2.jar;C:\Users\Izzat Alsharif\.m2\repository\io\cucumber\cucumber-java\7.11.1\cucumber-java-7.11.1.jar;C:\Users\Izzat Alsharif\.m2\repository\org\openjfx\javafx-graphics\11\javafx-graphics-11-win.jar;C:\Users\Izzat Alsharif\.m2\repository\org\hibernate\orm\hibernate-core\6.1.7.Final\hibernate-core-6.1.7.Final.jar;C:\Users\Izzat Alsharif\.m2\repository\org\openjfx\javafx-fxml\11\javafx-fxml-11-win.jar;C:\Users\Izzat Alsharif\.m2\repository\com\sun\activation\jakarta.activation\2.0.1\jakarta.activation-2.0.1.jar;C:\Users\Izzat Alsharif\.m2\repository\io\cucumber\cucumber-junit\7.11.1\cucumber-junit-7.11.1.jar;F:\Work\Projects\Java\carpet-cleaning-service-management\ccsm-ui\target\classes com.intellij.rt.junit.JUnitStarter -ideVersion5 -junit4 stu.najah.se.test.ui.features.izzat.IzzatFeaturesTest

Host: Intel(R) Core(TM) i7-10750H CPU @ 2.60GHz, 12 cores, 15G,  Windows 11 , 64 bit Build 22621 (10.0.22621.1635)
Time: Sat May 13 17:15:26 2023 Jerusalem Daylight Time elapsed time: 1.953155 seconds (0d 0h 0m 1s)

---------------  T H R E A D  ---------------

Current thread (0x000001bfdbba1ce0):  JavaThread "QuantumRenderer-0" daemon [_thread_in_native, id=21212, stack(0x0000004712d00000,0x0000004712e00000)]

Stack: [0x0000004712d00000,0x0000004712e00000],  sp=0x0000004712dfd8c0,  free space=1014k
Native frames: (J=compiled Java code, j=interpreted, Vv=VM code, C=native code)
C  [javafx_font.dll+0x4879]

Java frames: (J=compiled Java code, j=interpreted, Vv=VM code)
j  com.sun.javafx.font.directwrite.OS.CreateBitmap(JIIII)J+0 javafx.graphics
j  com.sun.javafx.font.directwrite.IWICImagingFactory.CreateBitmap(IIII)Lcom/sun/javafx/font/directwrite/IWICBitmap;+9 javafx.graphics
j  com.sun.javafx.font.directwrite.DWGlyph.createBitmap(II)Lcom/sun/javafx/font/directwrite/IWICBitmap;+10 javafx.graphics
j  com.sun.javafx.font.directwrite.DWGlyph.getCachedBitmap()Lcom/sun/javafx/font/directwrite/IWICBitmap;+13 javafx.graphics
j  com.sun.javafx.font.directwrite.DWGlyph.getD2DMask(FFZ)[B+117 javafx.graphics
j  com.sun.javafx.font.directwrite.DWGlyph.getPixelData(I)[B+94 javafx.graphics
j  com.sun.prism.sw.SWGraphics.drawGlyph(Lcom/sun/javafx/font/FontStrike;Lcom/sun/javafx/scene/text/GlyphList;ILcom/sun/javafx/geom/transform/BaseTransform;ZFF)V+85 javafx.graphics
j  com.sun.prism.sw.SWGraphics.drawString(Lcom/sun/javafx/scene/text/GlyphList;Lcom/sun/javafx/font/FontStrike;FFLcom/sun/prism/paint/Color;II)V+352 javafx.graphics
j  com.sun.javafx.sg.prism.NGText.renderText(Lcom/sun/prism/Graphics;Lcom/sun/javafx/font/FontStrike;Lcom/sun/javafx/geom/BaseBounds;Lcom/sun/prism/paint/Color;I)V+198 javafx.graphics
j  com.sun.javafx.sg.prism.NGText.renderContent2D(Lcom/sun/prism/Graphics;Z)V+238 javafx.graphics
j  com.sun.javafx.sg.prism.NGShape.renderContent(Lcom/sun/prism/Graphics;)V+454 javafx.graphics
j  com.sun.javafx.sg.prism.NGNode.doRender(Lcom/sun/prism/Graphics;)V+330 javafx.graphics
j  com.sun.javafx.sg.prism.NGNode.render(Lcom/sun/prism/Graphics;)V+34 javafx.graphics
j  com.sun.javafx.sg.prism.NGGroup.renderContent(Lcom/sun/prism/Graphics;)V+151 javafx.graphics
j  com.sun.javafx.sg.prism.NGRegion.renderContent(Lcom/sun/prism/Graphics;)V+111 javafx.graphics
j  com.sun.javafx.sg.prism.NGNode.renderForClip(Lcom/sun/prism/Graphics;)V+17 javafx.graphics
j  com.sun.javafx.sg.prism.NGNode.renderRectClip(Lcom/sun/prism/Graphics;Lcom/sun/javafx/sg/prism/NGRectangle;)V+106 javafx.graphics
j  com.sun.javafx.sg.prism.NGNode.renderClip(Lcom/sun/prism/Graphics;)V+83 javafx.graphics
j  com.sun.javafx.sg.prism.NGNode.doRender(Lcom/sun/prism/Graphics;)V+285 javafx.graphics
j  com.sun.javafx.sg.prism.NGNode.render(Lcom/sun/prism/Graphics;)V+34 javafx.graphics
j  com.sun.javafx.sg.prism.NGGroup.renderContent(Lcom/sun/prism/Graphics;)V+151 javafx.graphics
j  com.sun.javafx.sg.prism.NGRegion.renderContent(Lcom/sun/prism/Graphics;)V+111 javafx.graphics
j  com.sun.javafx.sg.prism.NGNode.doRender(Lcom/sun/prism/Graphics;)V+330 javafx.graphics
j  com.sun.javafx.sg.prism.NGNode.render(Lcom/sun/prism/Graphics;)V+34 javafx.graphics
j  com.sun.javafx.sg.prism.NGGroup.renderContent(Lcom/sun/prism/Graphics;)V+151 javafx.graphics
j  com.sun.javafx.sg.prism.NGRegion.renderContent(Lcom/sun/prism/Graphics;)V+111 javafx.graphics
j  com.sun.javafx.sg.prism.NGNode.doRender(Lcom/sun/prism/Graphics;)V+330 javafx.graphics
j  com.sun.javafx.sg.prism.NGNode.render(Lcom/sun/prism/Graphics;)V+34 javafx.graphics
j  com.sun.javafx.tk.quantum.ViewPainter.doPaint(Lcom/sun/prism/Graphics;Lcom/sun/javafx/sg/prism/NodePath;)V+201 javafx.graphics
j  com.sun.javafx.tk.quantum.ViewPainter.paintImpl(Lcom/sun/prism/Graphics;)V+961 javafx.graphics
j  com.sun.javafx.tk.quantum.UploadingPainter.run()V+741 javafx.graphics
j  java.util.concurrent.Executors$RunnableAdapter.call()Ljava/lang/Object;+4 java.base@17.0.6
j  java.util.concurrent.FutureTask.runAndReset()Z+44 java.base@17.0.6
j  com.sun.javafx.tk.RenderJob.run()V+1 javafx.graphics
j  java.util.concurrent.ThreadPoolExecutor.runWorker(Ljava/util/concurrent/ThreadPoolExecutor$Worker;)V+92 java.base@17.0.6
j  java.util.concurrent.ThreadPoolExecutor$Worker.run()V+5 java.base@17.0.6
j  com.sun.javafx.tk.quantum.QuantumRenderer$PipelineRunnable.run()V+8 javafx.graphics
j  java.lang.Thread.run()V+11 java.base@17.0.6
v  ~StubRoutines::call_stub

siginfo: EXCEPTION_ACCESS_VIOLATION (0xc0000005), reading address 0x00007ff87334e4d0


Register to memory mapping:

RIP=0x00007ff849fe4879 javafx_font.dll
RAX=0x0000000000000001 is an unknown value
RBX=0x0 is NULL
RCX=0x000001bfdc27ab10 points into unknown readable memory: 0x00007ff87334e448 | 48 e4 34 73 f8 7f 00 00
RDX=0x0000000000000100 is an unknown value
RSP=0x0000004712dfd8c0 is pointing into the stack for thread: 0x000001bfdbba1ce0
RBP=0x0000004712dfd9b8 is pointing into the stack for thread: 0x000001bfdbba1ce0
RSI=0x0 is NULL
RDI=0x0000000000000100 is an unknown value
R8 =0x0000000000000100 is an unknown value
R9 =0x0000004712dfd8f8 is pointing into the stack for thread: 0x000001bfdbba1ce0
R10=0x00007ff87334e448 is an unknown value
R11=0x000001bfdc27ab10 points into unknown readable memory: 0x00007ff87334e448 | 48 e4 34 73 f8 7f 00 00
R12=0x0 is NULL
R13={method} {0x000001bfdf0f7a98} 'CreateBitmap' '(JIIII)J' in 'com/sun/javafx/font/directwrite/OS'
R14=0x0000004712dfda00 is pointing into the stack for thread: 0x000001bfdbba1ce0
R15=0x000001bfdbba1ce0 is a thread


Registers:
RAX=0x0000000000000001, RBX=0x0000000000000000, RCX=0x000001bfdc27ab10, RDX=0x0000000000000100
RSP=0x0000004712dfd8c0, RBP=0x0000004712dfd9b8, RSI=0x0000000000000000, RDI=0x0000000000000100
R8 =0x0000000000000100, R9 =0x0000004712dfd8f8, R10=0x00007ff87334e448, R11=0x000001bfdc27ab10
R12=0x0000000000000000, R13=0x000001bfdf0f7a90, R14=0x0000004712dfda00, R15=0x000001bfdbba1ce0
RIP=0x00007ff849fe4879, EFLAGS=0x0000000000010206

Top of Stack: (sp=0x0000004712dfd8c0)
0x0000004712dfd8c0:   000001bfdbba1ce0 000001bfdbba1ce0
0x0000004712dfd8d0:   000001bfdf0f7a90 000001bfdbba1ce0
0x0000004712dfd8e0:   000001bf00000001 0000004712dfd8f0
0x0000004712dfd8f0:   0000000000000000 4bfe4e036fddc324
0x0000004712dfd900:   10c98d76773d85b1 0000922932bc2673
0x0000004712dfd910:   000001bfc5c395cd 000001bfc5c3d621
0x0000004712dfd920:   000001bfdf0f7a90 00007ffffed496f7
0x0000004712dfd930:   000001bfc5c395cd 000001bfc5c3d33c
0x0000004712dfd940:   000001bf00000100 0000000000000008
0x0000004712dfd950:   000001bf00000001 00007ffffed42b7e
0x0000004712dfd960:   3ff0000000000000 000001bfc5c3d2f6
0x0000004712dfd970:   0000004712dfd970 000001bfdf0f7a90
0x0000004712dfd980:   0000004712dfda00 000001bfdf0f83c8
0x0000004712dfd990:   0000000000000000 00000007052ea400
0x0000004712dfd9a0:   000001bfdf0f7a90 0000000000000000
0x0000004712dfd9b0:   0000004712dfd9d8 0000004712dfda50 

Instructions: (pc=0x00007ff849fe4879)
0x00007ff849fe4779:   eb 02 33 c0 48 8b 4c 24 40 48 33 cc e8 76 45 00
0x00007ff849fe4789:   00 48 83 c4 50 41 5f 41 5e 5f 5e 5b c3 cc cc cc
0x00007ff849fe4799:   cc cc cc cc cc cc cc 48 89 5c 24 08 57 48 83 ec
0x00007ff849fe47a9:   50 48 8b 05 4f b8 00 00 48 33 c4 48 89 44 24 48
0x00007ff849fe47b9:   8b 84 24 88 00 00 00 33 db ff c8 48 89 5c 24 30
0x00007ff849fe47c9:   41 8b f9 4d 8b d8 83 f8 0a 77 7b 48 8d 15 25 b8
0x00007ff849fe47d9:   ff ff 48 98 8b 8c 82 a4 48 00 00 48 03 ca ff e1
0x00007ff849fe47e9:   0f 10 05 d0 79 00 00 eb 58 0f 10 05 d7 79 00 00
0x00007ff849fe47f9:   eb 4f 0f 10 05 de 79 00 00 eb 46 0f 10 05 f5 79
0x00007ff849fe4809:   00 00 eb 3d 0f 10 05 dc 79 00 00 eb 34 0f 10 05
0x00007ff849fe4819:   f3 79 00 00 eb 2b 0f 10 05 fa 79 00 00 eb 22 0f
0x00007ff849fe4829:   10 05 01 7a 00 00 eb 19 0f 10 05 08 7a 00 00 eb
0x00007ff849fe4839:   10 0f 10 05 0f 7a 00 00 eb 07 0f 10 05 16 7a 00
0x00007ff849fe4849:   00 0f 11 44 24 38 4d 8b 10 48 8d 44 24 30 44 8b
0x00007ff849fe4859:   84 24 80 00 00 00 4c 8d 4c 24 38 48 89 44 24 28
0x00007ff849fe4869:   8b d7 8b 84 24 90 00 00 00 49 8b cb 89 44 24 20
0x00007ff849fe4879:   41 ff 92 88 00 00 00 85 c0 48 0f 49 5c 24 30 48
0x00007ff849fe4889:   8b c3 48 8b 4c 24 48 48 33 cc e8 68 44 00 00 48
0x00007ff849fe4899:   8b 5c 24 60 48 83 c4 50 5f c3 90 e9 47 00 00 f2
0x00007ff849fe48a9:   47 00 00 fb 47 00 00 04 48 00 00 0d 48 00 00 16
0x00007ff849fe48b9:   48 00 00 1f 48 00 00 28 48 00 00 31 48 00 00 3a
0x00007ff849fe48c9:   48 00 00 43 48 00 00 40 53 48 83 ec 20 49 8b 00
0x00007ff849fe48d9:   48 8d 54 24 40 33 db 49 8b c8 48 89 5c 24 40 ff
0x00007ff849fe48e9:   50 68 85 c0 48 0f 49 5c 24 40 48 8b c3 48 83 c4
0x00007ff849fe48f9:   20 5b c3 cc cc cc cc 48 89 5c 24 08 57 48 83 ec
0x00007ff849fe4909:   40 48 8b 44 24 70 33 ff 4d 8b 10 41 8b d1 48 89
0x00007ff849fe4919:   44 24 70 4c 8d 4c 24 70 48 8d 44 24 60 48 89 7c
0x00007ff849fe4929:   24 60 48 89 44 24 30 49 8b c8 8b 84 24 80 00 00
0x00007ff849fe4939:   00 44 8d 47 01 89 44 24 28 8b 44 24 78 89 44 24
0x00007ff849fe4949:   20 41 ff 52 48 48 8b 5c 24 50 85 c0 48 0f 49 7c
0x00007ff849fe4959:   24 60 48 8b c7 48 83 c4 40 5f c3 cc cc cc cc cc
0x00007ff849fe4969:   cc cc cc cc cc cc cc 48 89 5c 24 08 48 89 6c 24 


Stack slot to memory mapping:
stack at sp + 0 slots: 0x000001bfdbba1ce0 is a thread
stack at sp + 1 slots: 0x000001bfdbba1ce0 is a thread
stack at sp + 2 slots: {method} {0x000001bfdf0f7a98} 'CreateBitmap' '(JIIII)J' in 'com/sun/javafx/font/directwrite/OS'
stack at sp + 3 slots: 0x000001bfdbba1ce0 is a thread
stack at sp + 4 slots: 0x000001bf00000001 is an unknown value
stack at sp + 5 slots: 0x0000004712dfd8f0 is pointing into the stack for thread: 0x000001bfdbba1ce0
stack at sp + 6 slots: 0x0 is NULL
stack at sp + 7 slots: 0x4bfe4e036fddc324 is an unknown value


---------------  P R O C E S S  ---------------

Threads class SMR info:
_java_thread_list=0x000001bfde3ef0d0, length=22, elements={
0x000001bfbaf4a8e0, 0x000001bfda8660f0, 0x000001bfda8689c0, 0x000001bfda8a1b80,
0x000001bfda8a2540, 0x000001bfda8b65b0, 0x000001bfda8b7280, 0x000001bfda8ba540,
0x000001bfda8be800, 0x000001bfda8bf100, 0x000001bfda9bff50, 0x000001bfdb1334e0,
0x000001bfdb15a4d0, 0x000001bfdb96b190, 0x000001bfdba41510, 0x000001bfdbba1ce0,
0x000001bfdaa96ac0, 0x000001bfdc280730, 0x000001bfdbcc9c80, 0x000001bfdbe4fa40,
0x000001bfdbb4a090, 0x000001bfdbb4a560
}

Java Threads: ( => current thread )
  0x000001bfbaf4a8e0 JavaThread "main" [_thread_blocked, id=9148, stack(0x0000004711b00000,0x0000004711c00000)]
  0x000001bfda8660f0 JavaThread "Reference Handler" daemon [_thread_blocked, id=16504, stack(0x0000004712200000,0x0000004712300000)]
  0x000001bfda8689c0 JavaThread "Finalizer" daemon [_thread_blocked, id=21272, stack(0x0000004712300000,0x0000004712400000)]
  0x000001bfda8a1b80 JavaThread "Signal Dispatcher" daemon [_thread_blocked, id=7848, stack(0x0000004712400000,0x0000004712500000)]
  0x000001bfda8a2540 JavaThread "Attach Listener" daemon [_thread_blocked, id=3168, stack(0x0000004712500000,0x0000004712600000)]
  0x000001bfda8b65b0 JavaThread "Service Thread" daemon [_thread_blocked, id=20796, stack(0x0000004712600000,0x0000004712700000)]
  0x000001bfda8b7280 JavaThread "Monitor Deflation Thread" daemon [_thread_blocked, id=21124, stack(0x0000004712700000,0x0000004712800000)]
  0x000001bfda8ba540 JavaThread "C2 CompilerThread0" daemon [_thread_blocked, id=1136, stack(0x0000004712800000,0x0000004712900000)]
  0x000001bfda8be800 JavaThread "C1 CompilerThread0" daemon [_thread_blocked, id=9984, stack(0x0000004712900000,0x0000004712a00000)]
  0x000001bfda8bf100 JavaThread "Sweeper thread" daemon [_thread_blocked, id=6132, stack(0x0000004712a00000,0x0000004712b00000)]
  0x000001bfda9bff50 JavaThread "Common-Cleaner" daemon [_thread_blocked, id=19764, stack(0x0000004712b00000,0x0000004712c00000)]
  0x000001bfdb1334e0 JavaThread "Monitor Ctrl-Break" daemon [_thread_in_native, id=20328, stack(0x0000004712e00000,0x0000004712f00000)]
  0x000001bfdb15a4d0 JavaThread "Notification Thread" daemon [_thread_blocked, id=18288, stack(0x0000004712f00000,0x0000004713000000)]
  0x000001bfdb96b190 JavaThread "testfx-async-pool-thread-1" daemon [_thread_blocked, id=21320, stack(0x0000004713a00000,0x0000004713b00000)]
  0x000001bfdba41510 JavaThread "JavaFX-Launcher" daemon [_thread_blocked, id=21280, stack(0x0000004713b00000,0x0000004713c00000)]
=>0x000001bfdbba1ce0 JavaThread "QuantumRenderer-0" daemon [_thread_in_native, id=21212, stack(0x0000004712d00000,0x0000004712e00000)]
  0x000001bfdaa96ac0 JavaThread "JavaFX Application Thread" daemon [_thread_blocked, id=21316, stack(0x0000004712c00000,0x0000004712d00000)]
  0x000001bfdc280730 JavaThread "Timer-0" daemon [_thread_blocked, id=20792, stack(0x0000004713e00000,0x0000004713f00000)]
  0x000001bfdbcc9c80 JavaThread "testfx-async-pool-thread-2" daemon [_thread_blocked, id=20788, stack(0x0000004713f00000,0x0000004714000000)]
  0x000001bfdbe4fa40 JavaThread "C2 CompilerThread1" daemon [_thread_blocked, id=19888, stack(0x0000004714000000,0x0000004714100000)]
  0x000001bfdbb4a090 JavaThread "Prism Font Disposer" daemon [_thread_blocked, id=19776, stack(0x0000004714100000,0x0000004714200000)]
  0x000001bfdbb4a560 JavaThread "Cleaner-0" daemon [_thread_blocked, id=14360, stack(0x0000004714200000,0x0000004714300000)]

Other Threads:
  0x000001bfd9dfead0 VMThread "VM Thread" [stack: 0x0000004712100000,0x0000004712200000] [id=10212]
  0x000001bfbaff1650 WatcherThread [stack: 0x0000004713000000,0x0000004713100000] [id=15412]
  0x000001bfbafbf910 GCTaskThread "GC Thread#0" [stack: 0x0000004711c00000,0x0000004711d00000] [id=14868]
  0x000001bfdb1ddb20 GCTaskThread "GC Thread#1" [stack: 0x0000004713100000,0x0000004713200000] [id=3036]
  0x000001bfdb46a9a0 GCTaskThread "GC Thread#2" [stack: 0x0000004713200000,0x0000004713300000] [id=19484]
  0x000001bfdb08bc90 GCTaskThread "GC Thread#3" [stack: 0x0000004713300000,0x0000004713400000] [id=11876]
  0x000001bfdb15a9a0 GCTaskThread "GC Thread#4" [stack: 0x0000004713400000,0x0000004713500000] [id=20380]
  0x000001bfdb50ec10 GCTaskThread "GC Thread#5" [stack: 0x0000004713500000,0x0000004713600000] [id=10436]
  0x000001bfdaa935e0 GCTaskThread "GC Thread#6" [stack: 0x0000004713600000,0x0000004713700000] [id=18356]
  0x000001bfdaa948b0 GCTaskThread "GC Thread#7" [stack: 0x0000004713700000,0x0000004713800000] [id=7328]
  0x000001bfdaa93080 GCTaskThread "GC Thread#8" [stack: 0x0000004713800000,0x0000004713900000] [id=18036]
  0x000001bfdaa94b60 GCTaskThread "GC Thread#9" [stack: 0x0000004713900000,0x0000004713a00000] [id=5156]
  0x000001bfbafd0e90 ConcurrentGCThread "G1 Main Marker" [stack: 0x0000004711d00000,0x0000004711e00000] [id=21464]
  0x000001bfbafd2660 ConcurrentGCThread "G1 Conc#0" [stack: 0x0000004711e00000,0x0000004711f00000] [id=19712]
  0x000001bfdaa940a0 ConcurrentGCThread "G1 Conc#1" [stack: 0x0000004713c00000,0x0000004713d00000] [id=21204]
  0x000001bfdaa93890 ConcurrentGCThread "G1 Conc#2" [stack: 0x0000004713d00000,0x0000004713e00000] [id=20756]
  0x000001bfbaffe7e0 ConcurrentGCThread "G1 Refine#0" [stack: 0x0000004711f00000,0x0000004712000000] [id=18736]
  0x000001bfd9cb6a20 ConcurrentGCThread "G1 Service" [stack: 0x0000004712000000,0x0000004712100000] [id=6552]

Threads with active compile tasks:

VM state: not at safepoint (normal execution)

VM Mutex/Monitor currently owned by a thread: None

Heap address: 0x0000000703800000, size: 4040 MB, Compressed Oops mode: Zero based, Oop shift amount: 3

CDS archive(s) not mapped
Compressed class space mapped at: 0x0000000800000000-0x0000000840000000, reserved size: 1073741824
Narrow klass base: 0x0000000800000000, Narrow klass shift: 0, Narrow klass range: 0x40000000

GC Precious Log:
 CPUs: 12 total, 12 available
 Memory: 16155M
 Large Page Support: Disabled
 NUMA Support: Disabled
 Compressed Oops: Enabled (Zero based)
 Heap Region Size: 2M
 Heap Min Capacity: 8M
 Heap Initial Capacity: 254M
 Heap Max Capacity: 4040M
 Pre-touch: Disabled
 Parallel Workers: 10
 Concurrent Workers: 3
 Concurrent Refinement Workers: 10
 Periodic GC: Disabled

Heap:
 garbage-first heap   total 49152K, used 18444K [0x0000000703800000, 0x0000000800000000)
  region size 2048K, 3 young (6144K), 1 survivors (2048K)
 Metaspace       used 33378K, committed 33728K, reserved 1081344K
  class space    used 4291K, committed 4480K, reserved 1048576K

Heap Regions: E=young(eden), S=young(survivor), O=old, HS=humongous(starts), HC=humongous(continues), CS=collection set, F=free, OA=open archive, CA=closed archive, TAMS=top-at-mark-start (previous, next)
|   0|0x0000000703800000, 0x0000000703a00000, 0x0000000703a00000|100%| O|  |TAMS 0x0000000703997c00, 0x0000000703800000| Untracked 
|   1|0x0000000703a00000, 0x0000000703c00000, 0x0000000703c00000|100%| O|  |TAMS 0x0000000703a00000, 0x0000000703a00000| Untracked 
|   2|0x0000000703c00000, 0x0000000703c00000, 0x0000000703e00000|  0%| F|  |TAMS 0x0000000703c00000, 0x0000000703c00000| Untracked 
|   3|0x0000000703e00000, 0x0000000704000000, 0x0000000704000000|100%|HS|  |TAMS 0x0000000703e00000, 0x0000000703e00000| Complete 
|   4|0x0000000704000000, 0x0000000704200000, 0x0000000704200000|100%|HC|  |TAMS 0x0000000704000000, 0x0000000704000000| Complete 
|   5|0x0000000704200000, 0x0000000704400000, 0x0000000704400000|100%| O|  |TAMS 0x0000000704200000, 0x0000000704200000| Untracked 
|   6|0x0000000704400000, 0x0000000704600000, 0x0000000704600000|100%| O|  |TAMS 0x0000000704400000, 0x0000000704400000| Untracked 
|   7|0x0000000704600000, 0x0000000704800000, 0x0000000704800000|100%| O|  |TAMS 0x0000000704600000, 0x0000000704600000| Untracked 
|   8|0x0000000704800000, 0x0000000704800000, 0x0000000704a00000|  0%| F|  |TAMS 0x0000000704800000, 0x0000000704800000| Untracked 
|   9|0x0000000704a00000, 0x0000000704a00000, 0x0000000704c00000|  0%| F|  |TAMS 0x0000000704a00000, 0x0000000704a00000| Untracked 
|  10|0x0000000704c00000, 0x0000000704c57400, 0x0000000704e00000| 17%| O|  |TAMS 0x0000000704c00000, 0x0000000704c00000| Untracked 
|  11|0x0000000704e00000, 0x0000000704e00000, 0x0000000705000000|  0%| F|  |TAMS 0x0000000704e00000, 0x0000000704e00000| Untracked 
|  12|0x0000000705000000, 0x0000000705000000, 0x0000000705200000|  0%| F|  |TAMS 0x0000000705000000, 0x0000000705000000| Untracked 
|  13|0x0000000705200000, 0x00000007053abec0, 0x0000000705400000| 83%| S|CS|TAMS 0x0000000705200000, 0x0000000705200000| Complete 
|  14|0x0000000705400000, 0x0000000705400000, 0x0000000705600000|  0%| F|  |TAMS 0x0000000705400000, 0x0000000705400000| Untracked 
|  15|0x0000000705600000, 0x0000000705600000, 0x0000000705800000|  0%| F|  |TAMS 0x0000000705600000, 0x0000000705600000| Untracked 
|  16|0x0000000705800000, 0x0000000705800000, 0x0000000705a00000|  0%| F|  |TAMS 0x0000000705800000, 0x0000000705800000| Untracked 
|  17|0x0000000705a00000, 0x0000000705a00000, 0x0000000705c00000|  0%| F|  |TAMS 0x0000000705a00000, 0x0000000705a00000| Untracked 
|  18|0x0000000705c00000, 0x0000000705c00000, 0x0000000705e00000|  0%| F|  |TAMS 0x0000000705c00000, 0x0000000705c00000| Untracked 
|  19|0x0000000705e00000, 0x0000000705e00000, 0x0000000706000000|  0%| F|  |TAMS 0x0000000705e00000, 0x0000000705e00000| Untracked 
| 122|0x0000000712c00000, 0x0000000712c00000, 0x0000000712e00000|  0%| F|  |TAMS 0x0000000712c00000, 0x0000000712c00000| Untracked 
| 123|0x0000000712e00000, 0x0000000712e00000, 0x0000000713000000|  0%| F|  |TAMS 0x0000000712e00000, 0x0000000712e00000| Untracked 
| 124|0x0000000713000000, 0x00000007130f4898, 0x0000000713200000| 47%| E|  |TAMS 0x0000000713000000, 0x0000000713000000| Complete 
| 126|0x0000000713400000, 0x0000000713600000, 0x0000000713600000|100%| E|CS|TAMS 0x0000000713400000, 0x0000000713400000| Complete 

Card table byte_map: [0x000001bfce450000,0x000001bfcec40000] _byte_map_base: 0x000001bfcac34000

Marking Bits (Prev, Next): (CMBitMap*) 0x000001bfbafbfd10, (CMBitMap*) 0x000001bfbafbfcd0
 Prev Bits: [0x000001bfd3350000, 0x000001bfd7270000)
 Next Bits: [0x000001bfcf430000, 0x000001bfd3350000)

Polling page: 0x000001bfb8ed0000

Metaspace:

Usage:
  Non-class:     28.41 MB used.
      Class:      4.19 MB used.
       Both:     32.60 MB used.

Virtual space:
  Non-class space:       32.00 MB reserved,      28.56 MB ( 89%) committed,  4 nodes.
      Class space:        1.00 GB reserved,       4.38 MB ( <1%) committed,  1 nodes.
             Both:        1.03 GB reserved,      32.94 MB (  3%) committed. 

Chunk freelists:
   Non-Class:  3.17 MB
       Class:  3.48 MB
        Both:  6.66 MB

MaxMetaspaceSize: unlimited
CompressedClassSpaceSize: 1.00 GB
Initial GC threshold: 21.00 MB
Current GC threshold: 35.25 MB
CDS: off
MetaspaceReclaimPolicy: balanced
 - commit_granule_bytes: 65536.
 - commit_granule_words: 8192.
 - virtual_space_node_default_size: 1048576.
 - enlarge_chunks_in_place: 1.
 - new_chunks_are_fully_committed: 0.
 - uncommit_free_chunks: 1.
 - use_allocation_guard: 0.
 - handle_deallocations: 1.


Internal statistics:

num_allocs_failed_limit: 3.
num_arena_births: 288.
num_arena_deaths: 0.
num_vsnodes_births: 5.
num_vsnodes_deaths: 0.
num_space_committed: 527.
num_space_uncommitted: 0.
num_chunks_returned_to_freelist: 3.
num_chunks_taken_from_freelist: 1091.
num_chunk_merges: 3.
num_chunk_splits: 759.
num_chunks_enlarged: 580.
num_purges: 0.
num_inconsistent_stats: 0.

CodeHeap 'non-profiled nmethods': size=120000Kb used=1085Kb max_used=1085Kb free=118914Kb
 bounds [0x000001bfc61d0000, 0x000001bfc6440000, 0x000001bfcd700000]
CodeHeap 'profiled nmethods': size=120000Kb used=5302Kb max_used=5302Kb free=114697Kb
 bounds [0x000001bfbe700000, 0x000001bfbec30000, 0x000001bfc5c30000]
CodeHeap 'non-nmethods': size=5760Kb used=1386Kb max_used=1426Kb free=4373Kb
 bounds [0x000001bfc5c30000, 0x000001bfc5ea0000, 0x000001bfc61d0000]
 total_blobs=3477 nmethods=2738 adapters=651
 compilation: enabled
              stopped_count=0, restarted_count=0
 full_count=0

Compilation events (20 events):
Event: 1.937 Thread 0x000001bfda8be800 2732       3       sun.misc.Unsafe::getInt (8 bytes)
Event: 1.937 Thread 0x000001bfda8be800 nmethod 2732 0x000001bfbec2c290 code [0x000001bfbec2c420, 0x000001bfbec2c598]
Event: 1.937 Thread 0x000001bfda8be800 2733       3       sun.misc.Unsafe::putInt (9 bytes)
Event: 1.937 Thread 0x000001bfda8be800 nmethod 2733 0x000001bfbec2c690 code [0x000001bfbec2c820, 0x000001bfbec2c998]
Event: 1.937 Thread 0x000001bfda8be800 2734       3       jdk.internal.misc.Unsafe::putInt (8 bytes)
Event: 1.937 Thread 0x000001bfda8be800 nmethod 2734 0x000001bfbec2ca90 code [0x000001bfbec2cc20, 0x000001bfbec2cd38]
Event: 1.938 Thread 0x000001bfda8ba540 2735       4       sun.misc.Unsafe::getInt (8 bytes)
Event: 1.938 Thread 0x000001bfda8ba540 nmethod 2735 0x000001bfc62de890 code [0x000001bfc62dea00, 0x000001bfc62dea78]
Event: 1.939 Thread 0x000001bfda8be800 2736       1       javafx.geometry.Insets::getRight (5 bytes)
Event: 1.939 Thread 0x000001bfda8be800 nmethod 2736 0x000001bfc62deb90 code [0x000001bfc62ded20, 0x000001bfc62dedf8]
Event: 1.939 Thread 0x000001bfda8be800 2737       1       javafx.geometry.Insets::getBottom (5 bytes)
Event: 1.939 Thread 0x000001bfda8be800 nmethod 2737 0x000001bfc62dee90 code [0x000001bfc62df020, 0x000001bfc62df0f8]
Event: 1.939 Thread 0x000001bfda8be800 2738       3       com.sun.marlin.FloatMath::ceil_int (29 bytes)
Event: 1.939 Thread 0x000001bfda8be800 nmethod 2738 0x000001bfbec2ce10 code [0x000001bfbec2cfc0, 0x000001bfbec2d298]
Event: 1.939 Thread 0x000001bfda8ba540 2741       4       sun.misc.Unsafe::putInt (9 bytes)
Event: 1.939 Thread 0x000001bfda8be800 2739       3       com.sun.marlin.FloatMath::max (11 bytes)
Event: 1.939 Thread 0x000001bfda8be800 nmethod 2739 0x000001bfbec2d390 code [0x000001bfbec2d520, 0x000001bfbec2d658]
Event: 1.939 Thread 0x000001bfda8be800 2740       3       com.sun.marlin.FloatMath::min (11 bytes)
Event: 1.939 Thread 0x000001bfda8be800 nmethod 2740 0x000001bfbec2d710 code [0x000001bfbec2d8a0, 0x000001bfbec2d9d8]
Event: 1.939 Thread 0x000001bfda8ba540 nmethod 2741 0x000001bfc62df190 code [0x000001bfc62df300, 0x000001bfc62df378]

GC Heap History (12 events):
Event: 0.399 GC heap before
{Heap before GC invocations=0 (full 0):
 garbage-first heap   total 260096K, used 20480K [0x0000000703800000, 0x0000000800000000)
  region size 2048K, 11 young (22528K), 0 survivors (0K)
 Metaspace       used 9057K, committed 9152K, reserved 1064960K
  class space    used 887K, committed 960K, reserved 1048576K
}
Event: 0.401 GC heap after
{Heap after GC invocations=1 (full 0):
 garbage-first heap   total 260096K, used 3021K [0x0000000703800000, 0x0000000800000000)
  region size 2048K, 2 young (4096K), 2 survivors (4096K)
 Metaspace       used 9057K, committed 9152K, reserved 1064960K
  class space    used 887K, committed 960K, reserved 1048576K
}
Event: 1.036 GC heap before
{Heap before GC invocations=1 (full 0):
 garbage-first heap   total 260096K, used 39885K [0x0000000703800000, 0x0000000800000000)
  region size 2048K, 20 young (40960K), 2 survivors (4096K)
 Metaspace       used 20390K, committed 20608K, reserved 1073152K
  class space    used 2191K, committed 2304K, reserved 1048576K
}
Event: 1.041 GC heap after
{Heap after GC invocations=2 (full 0):
 garbage-first heap   total 260096K, used 7775K [0x0000000703800000, 0x0000000800000000)
  region size 2048K, 3 young (6144K), 3 survivors (6144K)
 Metaspace       used 20390K, committed 20608K, reserved 1073152K
  class space    used 2191K, committed 2304K, reserved 1048576K
}
Event: 1.075 GC heap before
{Heap before GC invocations=2 (full 0):
 garbage-first heap   total 260096K, used 9823K [0x0000000703800000, 0x0000000800000000)
  region size 2048K, 5 young (10240K), 3 survivors (6144K)
 Metaspace       used 21375K, committed 21504K, reserved 1073152K
  class space    used 2299K, committed 2368K, reserved 1048576K
}
Event: 1.079 GC heap after
{Heap after GC invocations=3 (full 0):
 garbage-first heap   total 260096K, used 8524K [0x0000000703800000, 0x0000000800000000)
  region size 2048K, 3 young (6144K), 3 survivors (6144K)
 Metaspace       used 21375K, committed 21504K, reserved 1073152K
  class space    used 2299K, committed 2368K, reserved 1048576K
}
Event: 1.556 GC heap before
{Heap before GC invocations=4 (full 0):
 garbage-first heap   total 49152K, used 33100K [0x0000000703800000, 0x0000000800000000)
  region size 2048K, 14 young (28672K), 3 survivors (6144K)
 Metaspace       used 27786K, committed 28032K, reserved 1081344K
  class space    used 3279K, committed 3392K, reserved 1048576K
}
Event: 1.561 GC heap after
{Heap after GC invocations=5 (full 0):
 garbage-first heap   total 49152K, used 14842K [0x0000000703800000, 0x0000000800000000)
  region size 2048K, 2 young (4096K), 2 survivors (4096K)
 Metaspace       used 27786K, committed 28032K, reserved 1081344K
  class space    used 3279K, committed 3392K, reserved 1048576K
}
Event: 1.593 GC heap before
{Heap before GC invocations=5 (full 0):
 garbage-first heap   total 49152K, used 14842K [0x0000000703800000, 0x0000000800000000)
  region size 2048K, 3 young (6144K), 2 survivors (4096K)
 Metaspace       used 28377K, committed 28608K, reserved 1081344K
  class space    used 3359K, committed 3456K, reserved 1048576K
}
Event: 1.596 GC heap after
{Heap after GC invocations=6 (full 0):
 garbage-first heap   total 49152K, used 15205K [0x0000000703800000, 0x0000000800000000)
  region size 2048K, 1 young (2048K), 1 survivors (2048K)
 Metaspace       used 28377K, committed 28608K, reserved 1081344K
  class space    used 3359K, committed 3456K, reserved 1048576K
}
Event: 1.911 GC heap before
{Heap before GC invocations=6 (full 0):
 garbage-first heap   total 49152K, used 31589K [0x0000000703800000, 0x0000000800000000)
  region size 2048K, 10 young (20480K), 1 survivors (2048K)
 Metaspace       used 32837K, committed 33088K, reserved 1081344K
  class space    used 4234K, committed 4352K, reserved 1048576K
}
Event: 1.914 GC heap after
{Heap after GC invocations=7 (full 0):
 garbage-first heap   total 49152K, used 16396K [0x0000000703800000, 0x0000000800000000)
  region size 2048K, 1 young (2048K), 1 survivors (2048K)
 Metaspace       used 32837K, committed 33088K, reserved 1081344K
  class space    used 4234K, committed 4352K, reserved 1048576K
}

Dll operation events (4 events):
Event: 0.007 Loaded shared library C:\Tools\java\jbr-17.0.6\bin\java.dll
Event: 0.031 Loaded shared library C:\Tools\java\jbr-17.0.6\bin\jsvml.dll
Event: 0.301 Loaded shared library C:\Tools\java\jbr-17.0.6\bin\zip.dll
Event: 0.320 Loaded shared library C:\Tools\java\jbr-17.0.6\bin\verify.dll

Deoptimization events (20 events):
Event: 1.839 Thread 0x000001bfdaa96ac0 Uncommon trap: trap_request=0xffffff45 fr.pc=0x000001bfc62ac230 relative=0x0000000000000470
Event: 1.839 Thread 0x000001bfdaa96ac0 Uncommon trap: reason=unstable_if action=reinterpret pc=0x000001bfc62ac230 method=java.util.HashMap.hash(Ljava/lang/Object;)I @ 1 c2
Event: 1.839 Thread 0x000001bfdaa96ac0 DEOPT PACKING pc=0x000001bfc62ac230 sp=0x0000004712cfdad0
Event: 1.839 Thread 0x000001bfdaa96ac0 DEOPT UNPACKING pc=0x000001bfc5c869a3 sp=0x0000004712cfd9e8 mode 2
Event: 1.839 Thread 0x000001bfdaa96ac0 Uncommon trap: trap_request=0xffffff45 fr.pc=0x000001bfc61fe720 relative=0x0000000000000300
Event: 1.839 Thread 0x000001bfdaa96ac0 Uncommon trap: reason=unstable_if action=reinterpret pc=0x000001bfc61fe720 method=java.util.HashMap.hash(Ljava/lang/Object;)I @ 1 c2
Event: 1.839 Thread 0x000001bfdaa96ac0 DEOPT PACKING pc=0x000001bfc61fe720 sp=0x0000004712cfdaf0
Event: 1.839 Thread 0x000001bfdaa96ac0 DEOPT UNPACKING pc=0x000001bfc5c869a3 sp=0x0000004712cfda88 mode 2
Event: 1.895 Thread 0x000001bfdaa96ac0 Uncommon trap: trap_request=0xffffff45 fr.pc=0x000001bfc62a7060 relative=0x00000000000001e0
Event: 1.895 Thread 0x000001bfdaa96ac0 Uncommon trap: reason=unstable_if action=reinterpret pc=0x000001bfc62a7060 method=java.io.ByteArrayInputStream.read()I @ 8 c2
Event: 1.895 Thread 0x000001bfdaa96ac0 DEOPT PACKING pc=0x000001bfc62a7060 sp=0x0000004712cfd0e0
Event: 1.895 Thread 0x000001bfdaa96ac0 DEOPT UNPACKING pc=0x000001bfc5c869a3 sp=0x0000004712cfd098 mode 2
Event: 1.926 Thread 0x000001bfdbba1ce0 Uncommon trap: trap_request=0xffffff45 fr.pc=0x000001bfc6291edc relative=0x0000000000007b9c
Event: 1.926 Thread 0x000001bfdbba1ce0 Uncommon trap: reason=unstable_if action=reinterpret pc=0x000001bfc6291edc method=jdk.internal.org.objectweb.asm.Frame.execute(IILjdk/internal/org/objectweb/asm/Symbol;Ljdk/internal/org/objectweb/asm/SymbolTable;)V @ 1 c2
Event: 1.926 Thread 0x000001bfdbba1ce0 DEOPT PACKING pc=0x000001bfc6291edc sp=0x0000004712dfba20
Event: 1.926 Thread 0x000001bfdbba1ce0 DEOPT UNPACKING pc=0x000001bfc5c869a3 sp=0x0000004712dfb9d8 mode 2
Event: 1.930 Thread 0x000001bfdbba1ce0 Uncommon trap: trap_request=0xffffff45 fr.pc=0x000001bfc62c61b0 relative=0x0000000000004e50
Event: 1.930 Thread 0x000001bfdbba1ce0 Uncommon trap: reason=unstable_if action=reinterpret pc=0x000001bfc62c61b0 method=java.lang.invoke.MethodType.checkPtypes([Ljava/lang/Class;)I @ 47 c2
Event: 1.930 Thread 0x000001bfdbba1ce0 DEOPT PACKING pc=0x000001bfc62c61b0 sp=0x0000004712dfc990
Event: 1.930 Thread 0x000001bfdbba1ce0 DEOPT UNPACKING pc=0x000001bfc5c869a3 sp=0x0000004712dfc928 mode 2

Classes unloaded (0 events):
No events

Classes redefined (0 events):
No events

Internal exceptions (20 events):
Event: 1.390 Thread 0x000001bfdaa96ac0 Exception <a 'sun/nio/fs/WindowsException'{0x0000000705644d80}> (0x0000000705644d80) 
thrown [s\src\hotspot\share\prims\jni.cpp, line 517]
Event: 1.421 Thread 0x000001bfdaa96ac0 Exception <a 'java/lang/NoSuchMethodError'{0x0000000705472708}: 'java.lang.Object java.lang.invoke.DirectMethodHandle$Holder.invokeStaticInit(java.lang.Object, java.lang.Object, java.lang.Object, java.lang.Object)'> (0x0000000705472708) 
thrown [s\src\hotspot\share\interpreter\linkResolver.cpp, line 771]
Event: 1.422 Thread 0x000001bfdaa96ac0 Exception <a 'java/lang/NullPointerException'{0x000000070547e050}> (0x000000070547e050) 
thrown [s\src\hotspot\share\interpreter\linkResolver.cpp, line 1362]
Event: 1.431 Thread 0x000001bfdaa96ac0 Exception <a 'sun/nio/fs/WindowsException'{0x0000000705536e88}> (0x0000000705536e88) 
thrown [s\src\hotspot\share\prims\jni.cpp, line 517]
Event: 1.432 Thread 0x000001bfdaa96ac0 Exception <a 'sun/nio/fs/WindowsException'{0x0000000705537908}> (0x0000000705537908) 
thrown [s\src\hotspot\share\prims\jni.cpp, line 517]
Event: 1.432 Thread 0x000001bfdaa96ac0 Exception <a 'sun/nio/fs/WindowsException'{0x0000000705538398}> (0x0000000705538398) 
thrown [s\src\hotspot\share\prims\jni.cpp, line 517]
Event: 1.438 Thread 0x000001bfdaa96ac0 Exception <a 'java/lang/NoSuchMethodError'{0x00000007055454e0}: 'java.lang.Object java.lang.invoke.DirectMethodHandle$Holder.invokeStatic(java.lang.Object, int, java.lang.Object)'> (0x00000007055454e0) 
thrown [s\src\hotspot\share\interpreter\linkResolver.cpp, line 771]
Event: 1.440 Thread 0x000001bfdaa96ac0 Exception <a 'java/lang/ClassNotFoundException'{0x0000000705555f80}: sun/util/logging/resources/spi/loggingProvider> (0x0000000705555f80) 
thrown [s\src\hotspot\share\classfile\systemDictionary.cpp, line 256]
Event: 1.454 Thread 0x000001bfdaa96ac0 Exception <a 'java/lang/NoSuchMethodError'{0x00000007052adb38}: 'java.lang.Object java.lang.invoke.DirectMethodHandle$Holder.invokeSpecial(java.lang.Object, java.lang.Object, java.lang.Object, int, java.lang.Object)'> (0x00000007052adb38) 
thrown [s\src\hotspot\share\interpreter\linkResolver.cpp, line 771]
Event: 1.537 Thread 0x000001bfdaa96ac0 Exception <a 'java/lang/NoSuchMethodError'{0x0000000704c6faf8}: 'void java.lang.invoke.DirectMethodHandle$Holder.invokeStaticInit(java.lang.Object, java.lang.Object)'> (0x0000000704c6faf8) 
thrown [s\src\hotspot\share\interpreter\linkResolver.cpp, line 771]
Event: 1.569 Thread 0x000001bfdaa96ac0 Exception <a 'java/io/FileNotFoundException'{0x00000007134a3a38}> (0x00000007134a3a38) 
thrown [s\src\hotspot\share\prims\jni.cpp, line 517]
Event: 1.815 Thread 0x000001bfdaa96ac0 Exception <a 'java/lang/ClassNotFoundException'{0x0000000705dce430}: com/sun/javafx/scene/control/skin/resources/controls> (0x0000000705dce430) 
thrown [s\src\hotspot\share\prims\jni.cpp, line 536]
Event: 1.816 Thread 0x000001bfdaa96ac0 Exception <a 'java/lang/ClassNotFoundException'{0x0000000705ddbfb0}: com/sun/javafx/scene/control/skin/resources/controls_en> (0x0000000705ddbfb0) 
thrown [s\src\hotspot\share\prims\jni.cpp, line 536]
Event: 1.816 Thread 0x000001bfdaa96ac0 Exception <a 'java/lang/ClassNotFoundException'{0x0000000705ddd3f8}: com/sun/javafx/scene/control/skin/resources/controls_en_US> (0x0000000705ddd3f8) 
thrown [s\src\hotspot\share\prims\jni.cpp, line 536]
Event: 1.836 Thread 0x000001bfdaa96ac0 Implicit null exception at 0x000001bfc622b260 to 0x000001bfc622b2fa
Event: 1.837 Thread 0x000001bfdaa96ac0 Implicit null exception at 0x000001bfc62ad114 to 0x000001bfc62ad550
Event: 1.837 Thread 0x000001bfdaa96ac0 Exception <a 'java/lang/NoSuchMethodError'{0x0000000705b991f8}: 'void java.lang.invoke.DirectMethodHandle$Holder.invokeSpecial(java.lang.Object, java.lang.Object, java.lang.Object, java.lang.Object, java.lang.Object, java.lang.Object)'> (0x0000000705b991f8) 
thrown [s\src\hotspot\share\interpreter\linkResolver.cpp, line 771]
Event: 1.839 Thread 0x000001bfdaa96ac0 Implicit null exception at 0x000001bfc62abe0f to 0x000001bfc62ac214
Event: 1.839 Thread 0x000001bfdaa96ac0 Implicit null exception at 0x000001bfc61fe42f to 0x000001bfc61fe710
Event: 1.864 Thread 0x000001bfdaa96ac0 Exception <a 'java/lang/IncompatibleClassChangeError'{0x0000000705696bf0}: Found class java.lang.Object, but interface was expected> (0x0000000705696bf0) 
thrown [s\src\hotspot\share\interpreter\linkResolver.cpp, line 838]

VM Operations (20 events):
Event: 1.035 Executing VM operation: G1CollectForAllocation
Event: 1.041 Executing VM operation: G1CollectForAllocation done
Event: 1.071 Executing VM operation: HandshakeAllThreads
Event: 1.071 Executing VM operation: HandshakeAllThreads done
Event: 1.075 Executing VM operation: CollectForMetadataAllocation
Event: 1.079 Executing VM operation: CollectForMetadataAllocation done
Event: 1.083 Executing VM operation: G1Concurrent
Event: 1.084 Executing VM operation: G1Concurrent done
Event: 1.086 Executing VM operation: G1Concurrent
Event: 1.087 Executing VM operation: G1Concurrent done
Event: 1.556 Executing VM operation: G1CollectForAllocation
Event: 1.561 Executing VM operation: G1CollectForAllocation done
Event: 1.592 Executing VM operation: G1CollectForAllocation
Event: 1.596 Executing VM operation: G1CollectForAllocation done
Event: 1.903 Executing VM operation: ICBufferFull
Event: 1.903 Executing VM operation: ICBufferFull done
Event: 1.911 Executing VM operation: G1CollectForAllocation
Event: 1.914 Executing VM operation: G1CollectForAllocation done
Event: 1.915 Executing VM operation: HandshakeAllThreads
Event: 1.915 Executing VM operation: HandshakeAllThreads done

Events (20 events):
Event: 1.896 loading class jdk/internal/icu/impl/Trie2$1 done
Event: 1.896 loading class jdk/internal/icu/impl/Trie2$UTrie2Header
Event: 1.896 loading class jdk/internal/icu/impl/Trie2$UTrie2Header done
Event: 1.897 loading class jdk/internal/icu/text/UTF16
Event: 1.897 loading class jdk/internal/icu/text/UTF16 done
Event: 1.897 loading class jdk/internal/icu/text/BidiLine
Event: 1.897 loading class jdk/internal/icu/text/BidiLine done
Event: 1.915 loading class java/nio/HeapIntBuffer
Event: 1.915 loading class java/nio/HeapIntBuffer done
Event: 1.923 loading class jdk/internal/ref/CleanerImpl$InnocuousThreadFactory
Event: 1.923 loading class jdk/internal/ref/CleanerImpl$InnocuousThreadFactory done
Event: 1.924 Thread 0x000001bfdbb4a560 Thread added: 0x000001bfdbb4a560
Event: 1.927 loading class jdk/internal/math/FDBigInteger
Event: 1.927 loading class jdk/internal/math/FDBigInteger done
Event: 1.929 loading class sun/misc/Unsafe
Event: 1.930 loading class sun/misc/Unsafe done
Event: 1.930 loading class jdk/internal/reflect/UnsafeQualifiedStaticObjectFieldAccessorImpl
Event: 1.930 loading class jdk/internal/reflect/UnsafeQualifiedStaticObjectFieldAccessorImpl done
Event: 1.937 loading class java/lang/FdLibm$Cbrt
Event: 1.938 loading class java/lang/FdLibm$Cbrt done


Dynamic libraries:
0x00007ff773d10000 - 0x00007ff773d1a000 	C:\Tools\java\jbr-17.0.6\bin\java.exe
0x00007ff87a930000 - 0x00007ff87ab44000 	C:\Windows\SYSTEM32\ntdll.dll
0x00007ff878ef0000 - 0x00007ff878fb2000 	C:\Windows\System32\KERNEL32.DLL
0x00007ff878260000 - 0x00007ff878603000 	C:\Windows\System32\KERNELBASE.dll
0x00007ff877fd0000 - 0x00007ff8780e1000 	C:\Windows\System32\ucrtbase.dll
0x00007ff856b10000 - 0x00007ff856b27000 	C:\Tools\java\jbr-17.0.6\bin\jli.dll
0x00007ff856b30000 - 0x00007ff856b4b000 	C:\Tools\java\jbr-17.0.6\bin\VCRUNTIME140.dll
0x00007ff879a90000 - 0x00007ff879c3b000 	C:\Windows\System32\USER32.dll
0x00007ff8780f0000 - 0x00007ff878116000 	C:\Windows\System32\win32u.dll
0x00007ff851fa0000 - 0x00007ff85222e000 	C:\Windows\WinSxS\amd64_microsoft.windows.common-controls_6595b64144ccf1df_6.0.22621.1635_none_270f70857386168e\COMCTL32.dll
0x00007ff878d10000 - 0x00007ff878d39000 	C:\Windows\System32\GDI32.dll
0x00007ff87a630000 - 0x00007ff87a6d7000 	C:\Windows\System32\msvcrt.dll
0x00007ff878610000 - 0x00007ff878728000 	C:\Windows\System32\gdi32full.dll
0x00007ff877d50000 - 0x00007ff877dea000 	C:\Windows\System32\msvcp_win.dll
0x00007ff878be0000 - 0x00007ff878c11000 	C:\Windows\System32\IMM32.DLL
0x00007ff85b7c0000 - 0x00007ff85b7cc000 	C:\Tools\java\jbr-17.0.6\bin\vcruntime140_1.dll
0x00007ff84ac70000 - 0x00007ff84acfd000 	C:\Tools\java\jbr-17.0.6\bin\msvcp140.dll
0x00007ffffe710000 - 0x00007fffff37e000 	C:\Tools\java\jbr-17.0.6\bin\server\jvm.dll
0x00007ff87a500000 - 0x00007ff87a5ae000 	C:\Windows\System32\ADVAPI32.dll
0x00007ff879c50000 - 0x00007ff879cf4000 	C:\Windows\System32\sechost.dll
0x00007ff878fc0000 - 0x00007ff8790d7000 	C:\Windows\System32\RPCRT4.dll
0x00007ff873160000 - 0x00007ff873169000 	C:\Windows\SYSTEM32\WSOCK32.dll
0x00007ff86a940000 - 0x00007ff86a974000 	C:\Windows\SYSTEM32\WINMM.dll
0x00007ff878840000 - 0x00007ff8788b1000 	C:\Windows\System32\WS2_32.dll
0x00007ff870810000 - 0x00007ff87081a000 	C:\Windows\SYSTEM32\VERSION.dll
0x00007ff876d60000 - 0x00007ff876d78000 	C:\Windows\SYSTEM32\kernel.appcore.dll
0x00007ff859a50000 - 0x00007ff859a5a000 	C:\Tools\java\jbr-17.0.6\bin\jimage.dll
0x00007ff8690e0000 - 0x00007ff86930e000 	C:\Windows\SYSTEM32\DBGHELP.DLL
0x00007ff879700000 - 0x00007ff879a89000 	C:\Windows\System32\combase.dll
0x00007ff878c30000 - 0x00007ff878d07000 	C:\Windows\System32\OLEAUT32.dll
0x00007ff869560000 - 0x00007ff869592000 	C:\Windows\SYSTEM32\dbgcore.DLL
0x00007ff878120000 - 0x00007ff87819b000 	C:\Windows\System32\bcryptPrimitives.dll
0x00007ff8731b0000 - 0x00007ff8731be000 	C:\Tools\java\jbr-17.0.6\bin\instrument.dll
0x00007ff852700000 - 0x00007ff852725000 	C:\Tools\java\jbr-17.0.6\bin\java.dll
0x00007ff853690000 - 0x00007ff8536a8000 	C:\Tools\java\jbr-17.0.6\bin\zip.dll
0x00007ff838ea0000 - 0x00007ff838f77000 	C:\Tools\java\jbr-17.0.6\bin\jsvml.dll
0x00007ff879d00000 - 0x00007ff87a4fa000 	C:\Windows\System32\SHELL32.dll
0x00007ff875d00000 - 0x00007ff8765ce000 	C:\Windows\SYSTEM32\windows.storage.dll
0x00007ff875bc0000 - 0x00007ff875cfe000 	C:\Windows\SYSTEM32\wintypes.dll
0x00007ff878730000 - 0x00007ff878821000 	C:\Windows\System32\SHCORE.dll
0x00007ff878af0000 - 0x00007ff878b4e000 	C:\Windows\System32\shlwapi.dll
0x00007ff877c80000 - 0x00007ff877ca1000 	C:\Windows\SYSTEM32\profapi.dll
0x00007ff84e8d0000 - 0x00007ff84e8e9000 	C:\Tools\java\jbr-17.0.6\bin\net.dll
0x00007ff871800000 - 0x00007ff871937000 	C:\Windows\SYSTEM32\WINHTTP.dll
0x00007ff8771c0000 - 0x00007ff877229000 	C:\Windows\system32\mswsock.dll
0x00007ff84e8b0000 - 0x00007ff84e8c6000 	C:\Tools\java\jbr-17.0.6\bin\nio.dll
0x00007ff84aaa0000 - 0x00007ff84aaba000 	C:\Program Files\JetBrains\IntelliJ IDEA 2022.3.1\bin\breakgen64.dll
0x00007ff853150000 - 0x00007ff853160000 	C:\Tools\java\jbr-17.0.6\bin\verify.dll
0x00007ff877550000 - 0x00007ff87756b000 	C:\Windows\SYSTEM32\CRYPTSP.dll
0x00007ff876cd0000 - 0x00007ff876d05000 	C:\Windows\system32\rsaenh.dll
0x00007ff877260000 - 0x00007ff877288000 	C:\Windows\SYSTEM32\USERENV.dll
0x00007ff877720000 - 0x00007ff877748000 	C:\Windows\SYSTEM32\bcrypt.dll
0x00007ff8774c0000 - 0x00007ff8774cc000 	C:\Windows\SYSTEM32\CRYPTBASE.dll
0x00007ff876830000 - 0x00007ff87685d000 	C:\Windows\SYSTEM32\IPHLPAPI.DLL
0x00007ff878c20000 - 0x00007ff878c29000 	C:\Windows\System32\NSI.dll
0x00007ff871bf0000 - 0x00007ff871c09000 	C:\Windows\SYSTEM32\dhcpcsvc6.DLL
0x00007ff871470000 - 0x00007ff87148f000 	C:\Windows\SYSTEM32\dhcpcsvc.DLL
0x00007ff8768a0000 - 0x00007ff876993000 	C:\Windows\SYSTEM32\DNSAPI.dll
0x000001bfb8f20000 - 0x000001bfb8f23000 	C:\Tools\java\jbr-17.0.6\bin\api-ms-win-core-console-l1-1-0.dll
0x000001bfb8f30000 - 0x000001bfb8f33000 	C:\Tools\java\jbr-17.0.6\bin\api-ms-win-core-datetime-l1-1-0.dll
0x000001bfb8f40000 - 0x000001bfb8f43000 	C:\Tools\java\jbr-17.0.6\bin\api-ms-win-core-debug-l1-1-0.dll
0x000001bfbaec0000 - 0x000001bfbaec3000 	C:\Tools\java\jbr-17.0.6\bin\api-ms-win-core-errorhandling-l1-1-0.dll
0x000001bfbaed0000 - 0x000001bfbaed4000 	C:\Tools\java\jbr-17.0.6\bin\api-ms-win-core-file-l1-1-0.dll
0x000001bfbaee0000 - 0x000001bfbaee3000 	C:\Tools\java\jbr-17.0.6\bin\api-ms-win-core-file-l1-2-0.dll
0x000001bfbaef0000 - 0x000001bfbaef3000 	C:\Tools\java\jbr-17.0.6\bin\api-ms-win-core-file-l2-1-0.dll
0x000001bfd9f10000 - 0x000001bfd9f13000 	C:\Tools\java\jbr-17.0.6\bin\api-ms-win-core-handle-l1-1-0.dll
0x000001bfd9f20000 - 0x000001bfd9f23000 	C:\Tools\java\jbr-17.0.6\bin\api-ms-win-core-heap-l1-1-0.dll
0x000001bfd9f30000 - 0x000001bfd9f33000 	C:\Tools\java\jbr-17.0.6\bin\api-ms-win-core-interlocked-l1-1-0.dll
0x000001bfd9f40000 - 0x000001bfd9f43000 	C:\Tools\java\jbr-17.0.6\bin\api-ms-win-core-libraryloader-l1-1-0.dll
0x000001bfd9f50000 - 0x000001bfd9f53000 	C:\Tools\java\jbr-17.0.6\bin\api-ms-win-core-localization-l1-2-0.dll
0x000001bfd9f60000 - 0x000001bfd9f63000 	C:\Tools\java\jbr-17.0.6\bin\api-ms-win-core-memory-l1-1-0.dll
0x000001bfd9f70000 - 0x000001bfd9f73000 	C:\Tools\java\jbr-17.0.6\bin\api-ms-win-core-namedpipe-l1-1-0.dll
0x000001bfd9f80000 - 0x000001bfd9f83000 	C:\Tools\java\jbr-17.0.6\bin\api-ms-win-core-processenvironment-l1-1-0.dll
0x000001bfd9f90000 - 0x000001bfd9f93000 	C:\Tools\java\jbr-17.0.6\bin\api-ms-win-core-processthreads-l1-1-0.dll
0x000001bfd9fa0000 - 0x000001bfd9fa3000 	C:\Tools\java\jbr-17.0.6\bin\api-ms-win-core-processthreads-l1-1-1.dll
0x000001bfd9fb0000 - 0x000001bfd9fb3000 	C:\Tools\java\jbr-17.0.6\bin\api-ms-win-core-profile-l1-1-0.dll
0x000001bfd9fc0000 - 0x000001bfd9fc3000 	C:\Tools\java\jbr-17.0.6\bin\api-ms-win-core-rtlsupport-l1-1-0.dll
0x000001bfd9fd0000 - 0x000001bfd9fd3000 	C:\Tools\java\jbr-17.0.6\bin\api-ms-win-core-string-l1-1-0.dll
0x000001bfd9fe0000 - 0x000001bfd9fe3000 	C:\Tools\java\jbr-17.0.6\bin\api-ms-win-core-synch-l1-1-0.dll
0x000001bfd9ff0000 - 0x000001bfd9ff3000 	C:\Tools\java\jbr-17.0.6\bin\api-ms-win-core-synch-l1-2-0.dll
0x000001bfdc730000 - 0x000001bfdc733000 	C:\Tools\java\jbr-17.0.6\bin\api-ms-win-core-sysinfo-l1-1-0.dll
0x000001bfdc740000 - 0x000001bfdc743000 	C:\Tools\java\jbr-17.0.6\bin\api-ms-win-core-timezone-l1-1-0.dll
0x000001bfdc750000 - 0x000001bfdc753000 	C:\Tools\java\jbr-17.0.6\bin\api-ms-win-core-util-l1-1-0.dll
0x000001bfdc760000 - 0x000001bfdc763000 	C:\Tools\java\jbr-17.0.6\bin\api-ms-win-crt-conio-l1-1-0.dll
0x000001bfdc770000 - 0x000001bfdc774000 	C:\Tools\java\jbr-17.0.6\bin\api-ms-win-crt-convert-l1-1-0.dll
0x000001bfdc780000 - 0x000001bfdc783000 	C:\Tools\java\jbr-17.0.6\bin\api-ms-win-crt-environment-l1-1-0.dll
0x000001bfdc790000 - 0x000001bfdc793000 	C:\Tools\java\jbr-17.0.6\bin\api-ms-win-crt-filesystem-l1-1-0.dll
0x000001bfdc7a0000 - 0x000001bfdc7a3000 	C:\Tools\java\jbr-17.0.6\bin\api-ms-win-crt-heap-l1-1-0.dll
0x000001bfdc7b0000 - 0x000001bfdc7b3000 	C:\Tools\java\jbr-17.0.6\bin\api-ms-win-crt-locale-l1-1-0.dll
0x000001bfdc7c0000 - 0x000001bfdc7c5000 	C:\Tools\java\jbr-17.0.6\bin\api-ms-win-crt-math-l1-1-0.dll
0x000001bfdc7d0000 - 0x000001bfdc7d5000 	C:\Tools\java\jbr-17.0.6\bin\api-ms-win-crt-multibyte-l1-1-0.dll
0x000001bfdc7e0000 - 0x000001bfdc7ef000 	C:\Tools\java\jbr-17.0.6\bin\api-ms-win-crt-private-l1-1-0.dll
0x000001bfdc7f0000 - 0x000001bfdc7f3000 	C:\Tools\java\jbr-17.0.6\bin\api-ms-win-crt-process-l1-1-0.dll
0x000001bfdd340000 - 0x000001bfdd344000 	C:\Tools\java\jbr-17.0.6\bin\api-ms-win-crt-runtime-l1-1-0.dll
0x000001bfdd350000 - 0x000001bfdd354000 	C:\Tools\java\jbr-17.0.6\bin\api-ms-win-crt-stdio-l1-1-0.dll
0x000001bfdd360000 - 0x000001bfdd364000 	C:\Tools\java\jbr-17.0.6\bin\api-ms-win-crt-string-l1-1-0.dll
0x000001bfdd370000 - 0x000001bfdd373000 	C:\Tools\java\jbr-17.0.6\bin\api-ms-win-crt-time-l1-1-0.dll
0x000001bfdd380000 - 0x000001bfdd383000 	C:\Tools\java\jbr-17.0.6\bin\api-ms-win-crt-utility-l1-1-0.dll
0x00007ff833910000 - 0x00007ff833a05000 	C:\Tools\java\jbr-17.0.6\bin\ucrtbase.dll
0x00007ff84a660000 - 0x00007ff84a6ae000 	C:\Windows\System32\concrt140.dll
0x00007ff84a640000 - 0x00007ff84a65c000 	C:\Users\Izzat Alsharif\.openjfx\cache\12.0.1\prism_sw.dll
0x00007ff849fe0000 - 0x00007ff849ff4000 	C:\Users\Izzat Alsharif\.openjfx\cache\12.0.1\javafx_font.dll
0x00007ff8790e0000 - 0x00007ff87927c000 	C:\Windows\System32\ole32.dll
0x00007ff874fd0000 - 0x00007ff87507b000 	C:\Windows\system32\uxtheme.dll
0x00007ff873840000 - 0x00007ff873aa7000 	C:\Windows\SYSTEM32\dwrite.dll
0x00007ff878a40000 - 0x00007ff878af0000 	C:\Windows\System32\clbcatq.dll

dbghelp: loaded successfully - version: 4.0.5 - missing functions: none
symbol engine: initialized successfully - sym options: 0x614 - pdb path: .;C:\Tools\java\jbr-17.0.6\bin;C:\Windows\SYSTEM32;C:\Windows\WinSxS\amd64_microsoft.windows.common-controls_6595b64144ccf1df_6.0.22621.1635_none_270f70857386168e;C:\Tools\java\jbr-17.0.6\bin\server;C:\Program Files\JetBrains\IntelliJ IDEA 2022.3.1\bin;C:\Users\Izzat Alsharif\.openjfx\cache\12.0.1

VM Arguments:
jvm_args: --add-exports=javafx.graphics/com.sun.javafx.application=org.testfx --add-exports=javafx.graphics/com.sun.glass.ui=ALL-UNNAMED --add-exports=javafx.graphics/com.sun.javafx.tk.quantum=ALL-UNNAMED --add-exports=javafx.graphics/com.sun.javafx.tk=ALL-UNNAMED --add-opens=javafx.graphics/com.sun.glass.ui=ALL-UNNAMED --add-opens=javafx.graphics/com.sun.glass.ui=org.testfx --add-exports=javafx.graphics/com.sun.javafx.application=org.testfx --add-exports=javafx.graphics/com.sun.glass.ui=ALL-UNNAMED --add-exports=javafx.graphics/com.sun.javafx.tk.quantum=ALL-UNNAMED --add-exports=javafx.graphics/com.sun.javafx.tk=ALL-UNNAMED --add-opens=javafx.graphics/com.sun.glass.ui=org.testfx -DnodeNamesHandler=org.jetbrains.plugins.cucumber.java.run.CucumberTestTreeNodeManager -Didea.test.cyclic.buffer.size=1048576 -javaagent:C:\Program Files\JetBrains\IntelliJ IDEA 2022.3.1\lib\idea_rt.jar=64764:C:\Program Files\JetBrains\IntelliJ IDEA 2022.3.1\bin --add-modules=ccsm.ui.test -Dfile.encoding=UTF-8 --module-path=C:\Users\Izzat Alsharif\.m2\repository\org\testfx\testfx-junit5\4.0.16-alpha\testfx-junit5-4.0.16-alpha.jar;C:\Users\Izzat Alsharif\.m2\repository\org\openjfx\javafx-base\12.0.1\javafx-base-12.0.1-win.jar;C:\Users\Izzat Alsharif\.m2\repository\jakarta\persistence\jakarta.persistence-api\3.0.0\jakarta.persistence-api-3.0.0.jar;F:\Work\Projects\Java\carpet-cleaning-service-management\ccsm-ui\target\test-classes;C:\Users\Izzat Alsharif\.m2\repository\org\openjfx\javafx-controls\11\javafx-controls-11-win.jar;C:\Users\Izzat Alsharif\.m2\repository\org\testfx\testfx-core\4.0.16-alpha\testfx-core-4.0.16-alpha.jar;F:\Work\Projects\Java\carpet-cleaning-service-management\ccsm-core\target\classes;C:\Users\Izzat Alsharif\.m2\repository\org\hamcrest\hamcrest\2.2\hamcrest-2.2.jar;C:\Users\Izzat Alsharif\.m2\repository\com\sun\mail\jakarta.mail\2.0.1\jakarta.mail-2.0.1.jar;C:\Users\Izzat Alsharif\.m2\repository\io\cucumber\cucumber-core\7.11.1\cucumber-core-7.11.1.jar;C:\Users\Izzat Alsharif\.m2\repository\junit\junit\4.13.2\junit-4.13.2.jar;C:\Users\Izzat Alsharif\.m2\repository\io\cucumber\cucumber-java\7.11.1\cucumber-java-7.11.1.jar;C:\Users\Izzat Alsharif\.m2\repository\org\openjfx\javafx-graphics\11\javafx-graphics-11-win.jar;C:\Users\Izzat Alsharif\.m2\repository\org\hibernate\orm\hibernate-core\6.1.7.Final\hibernate-core-6.1.7.Final.jar;C:\Users\Izzat Alsharif\.m2\repository\org\openjfx\javafx-fxml\11\javafx-fxml-11-win.jar;C:\Users\Izzat Alsharif\.m2\repository\com\sun\activation\jakarta.activation\2.0.1\jakarta.activation-2.0.1.jar;C:\Users\Izzat Alsharif\.m2\repository\io\cucumber\cucumber-junit\7.11.1\cucumber-junit-7.11.1.jar;F:\Work\Projects\Java\carpet-cleaning-service-management\ccsm-ui\target\classes 
java_command: com.intellij.rt.junit.JUnitStarter -ideVersion5 -junit4 stu.najah.se.test.ui.features.izzat.IzzatFeaturesTest
java_class_path (initial): C:\Program Files\JetBrains\IntelliJ IDEA 2022.3.1\lib\idea_rt.jar;C:\Program Files\JetBrains\IntelliJ IDEA 2022.3.1\plugins\junit\lib\junit5-rt.jar;C:\Program Files\JetBrains\IntelliJ IDEA 2022.3.1\plugins\junit\lib\junit-rt.jar;C:\Users\Izzat Alsharif\.m2\repository\com\mysql\mysql-connector-j\8.0.32\mysql-connector-j-8.0.32.jar;C:\Users\Izzat Alsharif\.m2\repository\com\google\protobuf\protobuf-java\3.21.9\protobuf-java-3.21.9.jar;C:\Users\Izzat Alsharif\.m2\repository\jakarta\transaction\jakarta.transaction-api\2.0.0\jakarta.transaction-api-2.0.0.jar;C:\Users\Izzat Alsharif\.m2\repository\org\jboss\logging\jboss-logging\3.4.3.Final\jboss-logging-3.4.3.Final.jar;C:\Users\Izzat Alsharif\.m2\repository\org\hibernate\common\hibernate-commons-annotations\6.0.6.Final\hibernate-commons-annotations-6.0.6.Final.jar;C:\Users\Izzat Alsharif\.m2\repository\org\jboss\jandex\2.4.2.Final\jandex-2.4.2.Final.jar;C:\Users\Izzat Alsharif\.m2\repository\com\fasterxml\classmate\1.5.1\classmate-1.5.1.jar;C:\Users\Izzat Alsharif\.m2\repository\net\bytebuddy\byte-buddy\1.12.18\byte-buddy-1.12.18.jar;C:\Users\Izzat Alsharif\.m2\repository\jakarta\xml\bind\jakarta.xml.bind-api\3.0.1\jakarta.xml.bind-api-3.0.1.jar;C:\Users\Izzat Alsharif\.m2\repository\org\glassfish\jaxb\jaxb-runtime\3.0.2\jaxb-runtime-3.0.2.jar;C:\Users\Izzat Alsharif\.m2\repository\org\glassfish\jaxb\jaxb-core\3.0.2\jaxb-core-3.0.2.jar;C:\Users\Izzat Alsharif\.m2\repository\org\glassfish\jaxb\txw2\3.0.2\txw2-3.0.2.jar;C:\Users\Izzat Alsharif\.m2\repository\com\sun\istack\istack-commons-runtime\4.0.1\istack-commons-runtime-4.0.1.jar;C:\Users\Izzat Alsharif\.m2\repository\jakarta\inject\jakarta.inject-api\2.0.0\jakarta.inject-api-2.0.0.jar;C:\Users\Izzat Alsharif\.m2\repository\org\antlr\antlr4-runtime\4.10.1\antlr4-runtime-4.10.1.jar;C:\Users\Izzat Alsharif\.m2\repository\org\openjfx\javafx-controls\11\javafx-controls-11.jar;C:\Users\Izzat Alsharif\.m2\repository\org\openjfx\javafx-graphics\11
Launcher Type: SUN_STANDARD

[Global flags]
     intx CICompilerCount                          = 4                                         {product} {ergonomic}
     uint ConcGCThreads                            = 3                                         {product} {ergonomic}
     uint G1ConcRefinementThreads                  = 10                                        {product} {ergonomic}
   size_t G1HeapRegionSize                         = 2097152                                   {product} {ergonomic}
    uintx GCDrainStackTargetSize                   = 64                                        {product} {ergonomic}
   size_t InitialHeapSize                          = 266338304                                 {product} {ergonomic}
   size_t MarkStackSize                            = 4194304                                   {product} {ergonomic}
   size_t MaxHeapSize                              = 4236247040                                {product} {ergonomic}
   size_t MaxNewSize                               = 2541748224                                {product} {ergonomic}
   size_t MinHeapDeltaBytes                        = 2097152                                   {product} {ergonomic}
   size_t MinHeapSize                              = 8388608                                   {product} {ergonomic}
    uintx NonNMethodCodeHeapSize                   = 5839372                                {pd product} {ergonomic}
    uintx NonProfiledCodeHeapSize                  = 122909434                              {pd product} {ergonomic}
    uintx ProfiledCodeHeapSize                     = 122909434                              {pd product} {ergonomic}
    uintx ReservedCodeCacheSize                    = 251658240                              {pd product} {ergonomic}
     bool SegmentedCodeCache                       = true                                      {product} {ergonomic}
   size_t SoftMaxHeapSize                          = 4236247040                             {manageable} {ergonomic}
     bool UseCompressedClassPointers               = true                           {product lp64_product} {ergonomic}
     bool UseCompressedOops                        = true                           {product lp64_product} {ergonomic}
     bool UseG1GC                                  = true                                      {product} {ergonomic}
     bool UseLargePagesIndividualAllocation        = false                                  {pd product} {ergonomic}

Logging:
Log output configuration:
 #0: stdout all=warning uptime,level,tags
 #1: stderr all=off uptime,level,tags

Environment Variables:
JAVA_HOME=C:\Tools\java\corretto-11.0.18
PATH=%JAVA_HOME$\bin;C:\Program Files (x86)\Common Files\Oracle\Java\javapath;C:\Program Files (x86)\NVIDIA Corporation\PhysX\Common;C:\Windows\system32;C:\Windows;C:\Windows\System32\Wbem;C:\Windows\System32\WindowsPowerShell\v1.0\;C:\Windows\System32\OpenSSH\;C:\Program Files\Git\cmd;C:\Tools\xampp\php;C:\ProgramData\ComposerSetup\bin;C:\Program Files (x86)\IVI Foundation\VISA\WinNT\Bin\;C:\Program Files\IVI Foundation\VISA\Win64\Bin\;C:\Program Files (x86)\National Instruments\Shared\LabVIEW CLI;C:\Program Files (x86)\IVI Foundation\VISA\WinNT\Bin;C:\Users\Izzat Alsharif\AppData\Local\Microsoft\WindowsApps;C:\Program Files\JetBrains\IntelliJ IDEA 2022.3.1\bin;;C:\Program Files\JetBrains\DataGrip 2022.3.2\bin;;C:\Program Files\JetBrains\WebStorm 2022.3.1\bin;;C:\Program Files\JetBrains\CLion 2022.3.1\bin;;C:\Users\Izzat Alsharif\AppData\Local\Programs\Microsoft VS Code\bin;C:\Program Files\JetBrains\PhpStorm 2022.3.2\bin;;C:\Program Files\JetBrains\PyCharm 2023.1\bin;;C:\Users\Izzat Alsharif\AppData\Roaming\Composer\vendor\bin;
USERNAME=Izzat Alsharif
OS=Windows_NT
PROCESSOR_IDENTIFIER=Intel64 Family 6 Model 165 Stepping 2, GenuineIntel
TMP=C:\Users\IZZATA~1\AppData\Local\Temp
TEMP=C:\Users\IZZATA~1\AppData\Local\Temp


JNI global refs:
JNI global refs: 20, weak refs: 0

JNI global refs memory usage: 843, weak refs: 841


---------------  S Y S T E M  ---------------

OS:
 Windows 11 , 64 bit Build 22621 (10.0.22621.1635)
OS uptime: 0 days 1:27 hours
Hyper-V role detected

CPU: total 12 (initial active 12) (6 cores per cpu, 2 threads per core) family 6 model 165 stepping 2 microcode 0xe0, cx8, cmov, fxsr, ht, mmx, 3dnowpref, sse, sse2, sse3, ssse3, sse4.1, sse4.2, popcnt, lzcnt, tsc, tscinvbit, avx, avx2, aes, erms, clmul, bmi1, bmi2, adx, fma, vzeroupper, clflush, clflushopt, hv

Memory: 4k page, system-wide physical 16155M (4616M free)
TotalPageFile size 25371M (AvailPageFile size 9256M)
current process WorkingSet (physical memory assigned to process): 150M, peak: 150M
current process commit charge ("private bytes"): 188M, peak: 372M

vm_info: OpenJDK 64-Bit Server VM (17.0.6+10-b829.9) for windows-amd64 JRE (17.0.6+10-b829.9), built on 2023-04-09 by "builduser" with MS VC++ 16.10 / 16.11 (VS2019)

END.
